2006.07.12 13:08 B C:\Documents and Settings\dme\Escritorio\Web\backup\cosasnuestras\phpmailer\language\phpmailer.lang-br.php <-- cosasnuestras /httpdocs/phpmailer/language phpmailer.lang-br.php
2006.07.12 13:08 B C:\Documents and Settings\dme\Escritorio\Web\backup\cosasnuestras\phpmailer\language\phpmailer.lang-ca.php <-- cosasnuestras /httpdocs/phpmailer/language phpmailer.lang-ca.php
2006.07.12 13:08 B C:\Documents and Settings\dme\Escritorio\Web\backup\cosasnuestras\phpmailer\language\phpmailer.lang-cz.php <-- cosasnuestras /httpdocs/phpmailer/language phpmailer.lang-cz.php
2006.07.12 13:08 B C:\Documents and Settings\dme\Escritorio\Web\backup\cosasnuestras\phpmailer\language\phpmailer.lang-de.php <-- cosasnuestras /httpdocs/phpmailer/language phpmailer.lang-de.php
2006.07.12 13:08 B C:\Documents and Settings\dme\Escritorio\Web\backup\cosasnuestras\phpmailer\language\phpmailer.lang-dk.php <-- cosasnuestras /httpdocs/phpmailer/language phpmailer.lang-dk.php
2006.07.12 13:08 B C:\Documents and Settings\dme\Escritorio\Web\backup\cosasnuestras\phpmailer\language\phpmailer.lang-en.php <-- cosasnuestras /httpdocs/phpmailer/language phpmailer.lang-en.php
2006.07.12 13:08 B C:\Documents and Settings\dme\Escritorio\Web\backup\cosasnuestras\phpmailer\language\phpmailer.lang-es.php <-- cosasnuestras /httpdocs/phpmailer/language phpmailer.lang-es.php
2006.07.12 13:08 B C:\Documents and Settings\dme\Escritorio\Web\backup\cosasnuestras\phpmailer\language\phpmailer.lang-fi.php <-- cosasnuestras /httpdocs/phpmailer/language phpmailer.lang-fi.php
2006.07.12 13:08 B C:\Documents and Settings\dme\Escritorio\Web\backup\cosasnuestras\phpmailer\language\phpmailer.lang-fo.php <-- cosasnuestras /httpdocs/phpmailer/language phpmailer.lang-fo.php
2006.07.12 13:08 B C:\Documents and Settings\dme\Escritorio\Web\backup\cosasnuestras\phpmailer\language\phpmailer.lang-fr.php <-- cosasnuestras /httpdocs/phpmailer/language phpmailer.lang-fr.php
2006.07.12 13:08 B C:\Documents and Settings\dme\Escritorio\Web\backup\cosasnuestras\phpmailer\language\phpmailer.lang-hu.php <-- cosasnuestras /httpdocs/phpmailer/language phpmailer.lang-hu.php
2006.07.12 13:08 B C:\Documents and Settings\dme\Escritorio\Web\backup\cosasnuestras\phpmailer\language\phpmailer.lang-it.php <-- cosasnuestras /httpdocs/phpmailer/language phpmailer.lang-it.php
2006.07.12 13:08 B C:\Documents and Settings\dme\Escritorio\Web\backup\cosasnuestras\phpmailer\language\phpmailer.lang-ja.php <-- cosasnuestras /httpdocs/phpmailer/language phpmailer.lang-ja.php
2006.07.12 13:08 B C:\Documents and Settings\dme\Escritorio\Web\backup\cosasnuestras\phpmailer\language\phpmailer.lang-nl.php <-- cosasnuestras /httpdocs/phpmailer/language phpmailer.lang-nl.php
2006.07.12 13:08 B C:\Documents and Settings\dme\Escritorio\Web\backup\cosasnuestras\phpmailer\language\phpmailer.lang-no.php <-- cosasnuestras /httpdocs/phpmailer/language phpmailer.lang-no.php
2006.07.12 13:08 B C:\Documents and Settings\dme\Escritorio\Web\backup\cosasnuestras\phpmailer\language\phpmailer.lang-pl.php <-- cosasnuestras /httpdocs/phpmailer/language phpmailer.lang-pl.php
2006.07.12 13:08 B C:\Documents and Settings\dme\Escritorio\Web\backup\cosasnuestras\phpmailer\language\phpmailer.lang-ro.php <-- cosasnuestras /httpdocs/phpmailer/language phpmailer.lang-ro.php
2006.07.12 13:08 B C:\Documents and Settings\dme\Escritorio\Web\backup\cosasnuestras\phpmailer\language\phpmailer.lang-ru.php <-- cosasnuestras /httpdocs/phpmailer/language phpmailer.lang-ru.php
2006.07.12 13:08 B C:\Documents and Settings\dme\Escritorio\Web\backup\cosasnuestras\phpmailer\language\phpmailer.lang-se.php <-- cosasnuestras /httpdocs/phpmailer/language phpmailer.lang-se.php
2006.07.12 13:08 B C:\Documents and Settings\dme\Escritorio\Web\backup\cosasnuestras\phpmailer\language\phpmailer.lang-tr.php <-- cosasnuestras /httpdocs/phpmailer/language phpmailer.lang-tr.php
